D:\INDIE\NC STATE\CSC 561\RAYTRACEPROJECT\RAYTRACEPROJECT\RAYTRACEPROJECT\DEBUG\MAIN.OBJ
D:\INDIE\NC STATE\CSC 561\RAYTRACEPROJECT\RAYTRACEPROJECT\RAYTRACEPROJECT\DEBUG\RAYTRACE.OBJ
D:\INDIE\NC STATE\CSC 561\RAYTRACEPROJECT\RAYTRACEPROJECT\RAYTRACEPROJECT\DEBUG\VC110.PDB
D:\INDIE\NC STATE\CSC 561\RAYTRACEPROJECT\RAYTRACEPROJECT\DEBUG\RAYTRACEPROJECT.ILK
D:\INDIE\NC STATE\CSC 561\RAYTRACEPROJECT\RAYTRACEPROJECT\DEBUG\RAYTRACEPROJECT.EXE
D:\INDIE\NC STATE\CSC 561\RAYTRACEPROJECT\RAYTRACEPROJECT\DEBUG\RAYTRACEPROJECT.PDB
D:\Indie\NC State\CSC 561\RayTraceProject\RayTraceProject\RayTraceProject\Debug\Main.obj
D:\Indie\NC State\CSC 561\RayTraceProject\RayTraceProject\RayTraceProject\Debug\RayTrace.obj
D:\Indie\NC State\CSC 561\RayTraceProject\RayTraceProject\RayTraceProject\Debug\cl.command.1.tlog
D:\Indie\NC State\CSC 561\RayTraceProject\RayTraceProject\RayTraceProject\Debug\CL.read.1.tlog
D:\Indie\NC State\CSC 561\RayTraceProject\RayTraceProject\RayTraceProject\Debug\CL.write.1.tlog
D:\Indie\NC State\CSC 561\RayTraceProject\RayTraceProject\RayTraceProject\Debug\link-cvtres.read.1.tlog
D:\Indie\NC State\CSC 561\RayTraceProject\RayTraceProject\RayTraceProject\Debug\link-cvtres.write.1.tlog
D:\Indie\NC State\CSC 561\RayTraceProject\RayTraceProject\RayTraceProject\Debug\link-rc.read.1.tlog
D:\Indie\NC State\CSC 561\RayTraceProject\RayTraceProject\RayTraceProject\Debug\link-rc.write.1.tlog
D:\Indie\NC State\CSC 561\RayTraceProject\RayTraceProject\RayTraceProject\Debug\link.command.1.tlog
D:\Indie\NC State\CSC 561\RayTraceProject\RayTraceProject\RayTraceProject\Debug\link.read.1.tlog
D:\Indie\NC State\CSC 561\RayTraceProject\RayTraceProject\RayTraceProject\Debug\link.write.1.tlog
D:\Indie\NC State\CSC 561\RayTraceProject\RayTraceProject\RayTraceProject\Debug\vc110.idb
D:\Indie\NC State\CSC 561\RayTraceProject\RayTraceProject\RayTraceProject\Debug\vc110.pdb
D:\Indie\NC State\CSC 561\RayTraceProject\RayTraceProject\Debug\RayTraceProject.pdb
D:\Indie\NC State\CSC 561\RayTraceProject\RayTraceProject\Debug\RayTraceProject.exe
D:\Indie\NC State\CSC 561\RayTraceProject\RayTraceProject\Debug\RayTraceProject.ilk
